[Thu Nov 13 03:03:58 PM JST 2025] Progress: 40/175 (22%) - Status: True
[Thu Nov 13 03:05:03 PM JST 2025] Progress: 40/175 (22%) - Status: True
[Thu Nov 13 03:06:07 PM JST 2025] Progress: 40/175 (22%) - Status: True
[Thu Nov 13 03:07:11 PM JST 2025] Progress: 40/175 (22%) - Status: True
[Thu Nov 13 03:08:12 PM JST 2025] Progress: 40/175 (22%) - Status: True
[Thu Nov 13 03:09:16 PM JST 2025] Progress: 40/175 (22%) - Status: True
[Thu Nov 13 03:10:22 PM JST 2025] Progress: 40/175 (22%) - Status: True
[Thu Nov 13 03:11:27 PM JST 2025] Progress: 40/175 (22%) - Status: True
[Thu Nov 13 03:12:31 PM JST 2025] Progress: 43/175 (24%) - Status: True
[Thu Nov 13 03:13:35 PM JST 2025] Progress: 45/175 (25%) - Status: True
[Thu Nov 13 03:14:39 PM JST 2025] Progress: 45/175 (25%) - Status: True
[Thu Nov 13 03:15:44 PM JST 2025] Progress: 45/175 (25%) - Status: True
[Thu Nov 13 03:16:48 PM JST 2025] Progress: 45/175 (25%) - Status: True
[Thu Nov 13 03:17:52 PM JST 2025] Progress: 45/175 (25%) - Status: True
[Thu Nov 13 03:18:57 PM JST 2025] Progress: 45/175 (25%) - Status: True
[Thu Nov 13 03:20:01 PM JST 2025] Progress: 45/175 (25%) - Status: True
[Thu Nov 13 03:21:05 PM JST 2025] Progress: 45/175 (25%) - Status: True
[Thu Nov 13 03:22:10 PM JST 2025] Progress: 45/175 (25%) - Status: True
[Thu Nov 13 03:23:14 PM JST 2025] Progress: 48/175 (27%) - Status: True
[Thu Nov 13 03:24:18 PM JST 2025] Progress: 50/175 (28%) - Status: True
[Thu Nov 13 03:25:22 PM JST 2025] Progress: 50/175 (28%) - Status: True
[Thu Nov 13 03:26:27 PM JST 2025] Progress: 50/175 (28%) - Status: True
[Thu Nov 13 03:27:31 PM JST 2025] Progress: 50/175 (28%) - Status: True
[Thu Nov 13 03:28:35 PM JST 2025] Progress: 50/175 (28%) - Status: True
[Thu Nov 13 03:29:40 PM JST 2025] Progress: 50/175 (28%) - Status: True
[Thu Nov 13 03:30:44 PM JST 2025] Progress: 50/175 (28%) - Status: True
[Thu Nov 13 03:31:50 PM JST 2025] Progress: 50/175 (28%) - Status: True
[Thu Nov 13 03:32:54 PM JST 2025] Progress: 50/175 (28%) - Status: True
[Thu Nov 13 03:33:59 PM JST 2025] Progress: 50/175 (28%) - Status: True
[Thu Nov 13 03:35:03 PM JST 2025] Progress: 52/175 (29%) - Status: True
[Thu Nov 13 03:36:07 PM JST 2025] Progress: 55/175 (31%) - Status: True
[Thu Nov 13 03:37:12 PM JST 2025] Progress: 55/175 (31%) - Status: True
[Thu Nov 13 03:38:16 PM JST 2025] Progress: 55/175 (31%) - Status: True
[Thu Nov 13 03:39:20 PM JST 2025] Progress: 55/175 (31%) - Status: True
[Thu Nov 13 03:40:25 PM JST 2025] Progress: 55/175 (31%) - Status: True
[Thu Nov 13 03:41:29 PM JST 2025] Progress: 55/175 (31%) - Status: True
[Thu Nov 13 03:42:33 PM JST 2025] Progress: 55/175 (31%) - Status: True
[Thu Nov 13 03:43:37 PM JST 2025] Progress: 55/175 (31%) - Status: True
[Thu Nov 13 03:44:41 PM JST 2025] Progress: 55/175 (31%) - Status: True
[Thu Nov 13 03:45:46 PM JST 2025] Progress: 56/175 (32%) - Status: True
[Thu Nov 13 03:46:52 PM JST 2025] Progress: 58/175 (33%) - Status: True
[Thu Nov 13 03:47:57 PM JST 2025] Progress: 58/175 (33%) - Status: True
[Thu Nov 13 03:49:01 PM JST 2025] Progress: 58/175 (33%) - Status: True
[Thu Nov 13 03:50:05 PM JST 2025] Progress: 58/175 (33%) - Status: True
[Thu Nov 13 03:51:10 PM JST 2025] Progress: 58/175 (33%) - Status: True
[Thu Nov 13 03:52:14 PM JST 2025] Progress: 58/175 (33%) - Status: True
[Thu Nov 13 03:53:18 PM JST 2025] Progress: 58/175 (33%) - Status: True
[Thu Nov 13 03:54:22 PM JST 2025] Progress: 58/175 (33%) - Status: True
[Thu Nov 13 03:55:27 PM JST 2025] Progress: 58/175 (33%) - Status: True
[Thu Nov 13 03:56:31 PM JST 2025] Progress: 58/175 (33%) - Status: True
[Thu Nov 13 03:57:43 PM JST 2025] Progress: 58/175 (33%) - Status: True
[Thu Nov 13 03:58:48 PM JST 2025] Progress: 58/175 (33%) - Status: True
[Thu Nov 13 04:00:07 PM JST 2025] Progress: 58/175 (33%) - Status: True
[Thu Nov 13 04:01:17 PM JST 2025] Progress: 58/175 (33%) - Status: True
[Thu Nov 13 04:02:31 PM JST 2025] Progress: 58/175 (33%) - Status: True
[Thu Nov 13 04:03:36 PM JST 2025] Progress: 58/175 (33%) - Status: True
[Thu Nov 13 04:04:43 PM JST 2025] Progress: 58/175 (33%) - Status: True
[Thu Nov 13 04:05:49 PM JST 2025] Progress: 58/175 (33%) - Status: True
[Thu Nov 13 04:06:54 PM JST 2025] Progress: 58/175 (33%) - Status: True
[Thu Nov 13 04:09:10 PM JST 2025] UPGRADE COMPLETED
  Start Time:  
  End Time:    2025-11-13T04:29:20Z
  Total Nodes: 

[Thu Nov 13 04:09:10 PM JST 2025] Progress: / (%) - Status: 
[Thu Nov 13 04:11:31 PM JST 2025] UPGRADE COMPLETED
  Start Time:  
  End Time:    
  Total Nodes: 

[Thu Nov 13 04:11:31 PM JST 2025] Progress: / (%) - Status: 
[Thu Nov 13 04:13:05 PM JST 2025] Progress: 58/ (%) - Status: True
[Thu Nov 13 04:15:26 PM JST 2025] UPGRADE COMPLETED
  Start Time:  
  End Time:    
  Total Nodes: 

[Thu Nov 13 04:15:26 PM JST 2025] Progress: / (%) - Status: 
[Thu Nov 13 04:17:04 PM JST 2025] Progress: 62/ (%) - Status: True
[Thu Nov 13 04:18:19 PM JST 2025] Progress: 63/175 (36%) - Status: True
[Thu Nov 13 04:19:27 PM JST 2025] Progress: 63/175 (36%) - Status: True
[Thu Nov 13 04:20:31 PM JST 2025] Progress: 63/175 (36%) - Status: True
[Thu Nov 13 04:21:37 PM JST 2025] Progress: 63/175 (36%) - Status: True
[Thu Nov 13 04:22:42 PM JST 2025] Progress: 63/175 (36%) - Status: True
[Thu Nov 13 04:23:46 PM JST 2025] Progress: 64/175 (36%) - Status: True
[Thu Nov 13 04:24:51 PM JST 2025] Progress: 64/175 (36%) - Status: True
[Thu Nov 13 04:25:55 PM JST 2025] Progress: 64/175 (36%) - Status: True
[Thu Nov 13 04:26:59 PM JST 2025] Progress: 65/175 (37%) - Status: True
[Thu Nov 13 04:28:03 PM JST 2025] Progress: 67/175 (38%) - Status: True
[Thu Nov 13 04:29:08 PM JST 2025] Progress: 68/175 (38%) - Status: True
[Thu Nov 13 04:30:12 PM JST 2025] Progress: 68/175 (38%) - Status: True
[Thu Nov 13 04:31:16 PM JST 2025] Progress: 68/175 (38%) - Status: True
[Thu Nov 13 04:32:20 PM JST 2025] Progress: 68/175 (38%) - Status: True
[Thu Nov 13 04:33:24 PM JST 2025] Progress: 68/175 (38%) - Status: True
[Thu Nov 13 04:34:29 PM JST 2025] Progress: 69/175 (39%) - Status: True
[Thu Nov 13 04:35:33 PM JST 2025] Progress: 69/175 (39%) - Status: True
[Thu Nov 13 04:36:37 PM JST 2025] Progress: 69/175 (39%) - Status: True
[Thu Nov 13 04:37:42 PM JST 2025] Progress: 70/175 (40%) - Status: True
[Thu Nov 13 04:38:46 PM JST 2025] Progress: 72/175 (41%) - Status: True
[Thu Nov 13 04:39:50 PM JST 2025] Progress: 73/175 (41%) - Status: True
[Thu Nov 13 04:40:54 PM JST 2025] Progress: 73/175 (41%) - Status: True
[Thu Nov 13 04:41:59 PM JST 2025] Progress: 73/175 (41%) - Status: True
[Thu Nov 13 04:43:03 PM JST 2025] Progress: 74/175 (42%) - Status: True
[Thu Nov 13 04:44:07 PM JST 2025] Progress: 74/175 (42%) - Status: True
[Thu Nov 13 04:45:22 PM JST 2025] Progress: 74/175 (42%) - Status: True
[Thu Nov 13 04:46:42 PM JST 2025] Progress: 74/175 (42%) - Status: True
[Thu Nov 13 04:47:53 PM JST 2025] Progress: 74/175 (42%) - Status: True
[Thu Nov 13 04:49:07 PM JST 2025] Progress: 75/175 (42%) - Status: True
[Thu Nov 13 04:50:22 PM JST 2025] Progress: 78/175 (44%) - Status: True
[Thu Nov 13 04:51:36 PM JST 2025] Progress: 79/175 (45%) - Status: True
[Thu Nov 13 04:52:41 PM JST 2025] Progress: 79/175 (45%) - Status: True
[Thu Nov 13 04:53:51 PM JST 2025] Progress: 79/175 (45%) - Status: True
[Thu Nov 13 04:54:55 PM JST 2025] Progress: 79/175 (45%) - Status: True
[Thu Nov 13 04:55:59 PM JST 2025] Progress: 79/175 (45%) - Status: True
[Thu Nov 13 04:57:04 PM JST 2025] Progress: 79/175 (45%) - Status: True
[Thu Nov 13 04:58:08 PM JST 2025] Progress: 79/175 (45%) - Status: True
[Thu Nov 13 04:59:12 PM JST 2025] Progress: 80/175 (45%) - Status: True
[Thu Nov 13 05:00:17 PM JST 2025] Progress: 81/175 (46%) - Status: True
[Thu Nov 13 05:01:22 PM JST 2025] Progress: 82/175 (46%) - Status: True
[Thu Nov 13 05:02:26 PM JST 2025] Progress: 84/175 (48%) - Status: True
[Thu Nov 13 05:03:30 PM JST 2025] Progress: 84/175 (48%) - Status: True
[Thu Nov 13 05:04:35 PM JST 2025] Progress: 84/175 (48%) - Status: True
[Thu Nov 13 05:05:39 PM JST 2025] Progress: 84/175 (48%) - Status: True
[Thu Nov 13 05:06:43 PM JST 2025] Progress: 84/175 (48%) - Status: True
[Thu Nov 13 05:07:48 PM JST 2025] Progress: 84/175 (48%) - Status: True
[Thu Nov 13 05:08:52 PM JST 2025] Progress: 84/175 (48%) - Status: True
[Thu Nov 13 05:09:56 PM JST 2025] Progress: 84/175 (48%) - Status: True
[Thu Nov 13 05:11:01 PM JST 2025] Progress: 85/175 (48%) - Status: True
[Thu Nov 13 05:12:05 PM JST 2025] Progress: 87/175 (49%) - Status: True
[Thu Nov 13 05:13:10 PM JST 2025] Progress: 89/175 (50%) - Status: True
